<?xml version="1.0" encoding="UTF-8"?>
<!-- Generated by org.testng.reporters.JUnitReportReporter -->
<testsuite skipped="0" hostname="DESKTOP-T4S1BSK" name="testRunners.Run2" tests="1" failures="0" timestamp="2020-03-30T23:17:10 PDT" time="16.089" errors="0">
  <testcase name="runScenario" time="16.089" classname="testRunners.Run2"/>
  <system-out/>
</testsuite> <!-- testRunners.Run2 -->
