<?xml version="1.0" encoding="UTF-8"?>
<!-- Generated by org.testng.reporters.JUnitReportReporter -->
<testsuite skipped="0" hostname="DESKTOP-T4S1BSK" name="testRunners.apiRunner" tests="1" failures="0" timestamp="2020-04-01T09:41:15 PDT" time="0.221" errors="0">
  <testcase name="runScenario" time="0.221" classname="testRunners.apiRunner"/>
  <system-out/>
</testsuite> <!-- testRunners.apiRunner -->
