<?xml version="1.0" encoding="UTF-8"?>
<!-- Generated by org.testng.reporters.JUnitReportReporter -->
<testsuite skipped="3" hostname="DESKTOP-T4S1BSK" name="RestAzure" tests="4" failures="0" timestamp="2020-04-01T12:06:10 PDT" time="5.057" errors="0">
  <testcase name="test4" time="5.057" classname="RestAzure"/>
  <system-out/>
  <testcase name="test2" classname="RestAzure">
    <skipped/>
  </testcase> <!-- test2 -->
  <system-out/>
  <testcase name="test3" classname="RestAzure">
    <skipped/>
  </testcase> <!-- test3 -->
  <system-out/>
  <testcase name="test1" classname="RestAzure">
    <skipped/>
  </testcase> <!-- test1 -->
  <system-out/>
</testsuite> <!-- RestAzure -->
